{"/mnt/c/Users/X5/Desktop/projects/hx_frontend_3/src/index.js": {"path":"/mnt/c/Users/X5/Desktop/projects/hx_frontend_3/src/index.js","statementMap":{"0":{"start":{"line":1,"column":21},"end":{"line":1,"column":24}}},"fnMap":{"0":{"name":"(anonymous_0)","decl":{"start":{"line":1,"column":15},"end":{"line":1,"column":16}},"loc":{"start":{"line":1,"column":21},"end":{"line":1,"column":24}},"line":1}},"branchMap":{},"s":{"0":1},"f":{"0":1},"b":{},"_coverageSchema":"43e27e138ebf9cfc5966b082cf9a028302ed4184","hash":"725f9a54821138305131dc4a625a767077374069"}
}
